{"D:\\RN\\gitissue\\src\\api\\CommunicationController.tsx": {"path":"D:\\RN\\gitissue\\src\\api\\CommunicationController.tsx","statementMap":{"0":{"start":{"line":11,"column":8},"end":{"line":11,"column":57}},"1":{"start":{"line":12,"column":8},"end":{"line":12,"column":49}},"2":{"start":{"line":13,"column":8},"end":{"line":13,"column":36}},"3":{"start":{"line":14,"column":8},"end":{"line":14,"column":28}},"4":{"start":{"line":15,"column":8},"end":{"line":15,"column":47}},"5":{"start":{"line":18,"column":8},"end":{"line":18,"column":38}},"6":{"start":{"line":21,"column":8},"end":{"line":21,"column":30}},"7":{"start":{"line":24,"column":8},"end":{"line":24,"column":32}},"8":{"start":{"line":27,"column":8},"end":{"line":27,"column":29}},"9":{"start":{"line":30,"column":8},"end":{"line":30,"column":30}},"10":{"start":{"line":33,"column":8},"end":{"line":33,"column":28}},"11":{"start":{"line":36,"column":8},"end":{"line":36,"column":32}},"12":{"start":{"line":39,"column":8},"end":{"line":39,"column":27}},"13":{"start":{"line":42,"column":8},"end":{"line":42,"column":57}},"14":{"start":{"line":45,"column":8},"end":{"line":50,"column":9}},"15":{"start":{"line":46,"column":30},"end":{"line":46,"column":66}},"16":{"start":{"line":47,"column":12},"end":{"line":47,"column":69}},"17":{"start":{"line":49,"column":12},"end":{"line":49,"column":21}},"18":{"start":{"line":53,"column":8},"end":{"line":70,"column":9}},"19":{"start":{"line":54,"column":29},"end":{"line":54,"column":33}},"20":{"start":{"line":55,"column":32},"end":{"line":55,"column":84}},"21":{"start":{"line":56,"column":12},"end":{"line":66,"column":13}},"22":{"start":{"line":57,"column":38},"end":{"line":57,"column":61}},"23":{"start":{"line":58,"column":35},"end":{"line":58,"column":60}},"24":{"start":{"line":59,"column":45},"end":{"line":59,"column":94}},"25":{"start":{"line":59,"column":72},"end":{"line":59,"column":93}},"26":{"start":{"line":60,"column":16},"end":{"line":62,"column":17}},"27":{"start":{"line":61,"column":20},"end":{"line":61,"column":43}},"28":{"start":{"line":63,"column":16},"end":{"line":63,"column":71}},"29":{"start":{"line":65,"column":16},"end":{"line":65,"column":51}},"30":{"start":{"line":67,"column":12},"end":{"line":67,"column":100}},"31":{"start":{"line":69,"column":12},"end":{"line":69,"column":21}},"32":{"start":{"line":77,"column":20},"end":{"line":77,"column":164}},"33":{"start":{"line":78,"column":25},"end":{"line":78,"column":99}},"34":{"start":{"line":79,"column":21},"end":{"line":79,"column":42}},"35":{"start":{"line":80,"column":8},"end":{"line":84,"column":9}},"36":{"start":{"line":81,"column":12},"end":{"line":81,"column":42}},"37":{"start":{"line":83,"column":12},"end":{"line":83,"column":31}},"38":{"start":{"line":87,"column":8},"end":{"line":87,"column":17}},"39":{"start":{"line":91,"column":40},"end":{"line":91,"column":69}}},"fnMap":{"0":{"name":"(anonymous_0)","decl":{"start":{"line":10,"column":4},"end":{"line":10,"column":5}},"loc":{"start":{"line":10,"column":18},"end":{"line":16,"column":5}},"line":10},"1":{"name":"(anonymous_1)","decl":{"start":{"line":17,"column":4},"end":{"line":17,"column":5}},"loc":{"start":{"line":17,"column":43},"end":{"line":19,"column":5}},"line":17},"2":{"name":"(anonymous_2)","decl":{"start":{"line":20,"column":4},"end":{"line":20,"column":5}},"loc":{"start":{"line":20,"column":35},"end":{"line":22,"column":5}},"line":20},"3":{"name":"(anonymous_3)","decl":{"start":{"line":23,"column":4},"end":{"line":23,"column":5}},"loc":{"start":{"line":23,"column":38},"end":{"line":25,"column":5}},"line":23},"4":{"name":"(anonymous_4)","decl":{"start":{"line":26,"column":4},"end":{"line":26,"column":5}},"loc":{"start":{"line":26,"column":35},"end":{"line":28,"column":5}},"line":26},"5":{"name":"(anonymous_5)","decl":{"start":{"line":29,"column":4},"end":{"line":29,"column":5}},"loc":{"start":{"line":29,"column":25},"end":{"line":31,"column":5}},"line":29},"6":{"name":"(anonymous_6)","decl":{"start":{"line":32,"column":4},"end":{"line":32,"column":5}},"loc":{"start":{"line":32,"column":29},"end":{"line":34,"column":5}},"line":32},"7":{"name":"(anonymous_7)","decl":{"start":{"line":35,"column":4},"end":{"line":35,"column":5}},"loc":{"start":{"line":35,"column":28},"end":{"line":37,"column":5}},"line":35},"8":{"name":"(anonymous_8)","decl":{"start":{"line":38,"column":4},"end":{"line":38,"column":5}},"loc":{"start":{"line":38,"column":23},"end":{"line":40,"column":5}},"line":38},"9":{"name":"(anonymous_9)","decl":{"start":{"line":41,"column":4},"end":{"line":41,"column":5}},"loc":{"start":{"line":41,"column":21},"end":{"line":43,"column":5}},"line":41},"10":{"name":"(anonymous_10)","decl":{"start":{"line":44,"column":4},"end":{"line":44,"column":5}},"loc":{"start":{"line":44,"column":90},"end":{"line":51,"column":5}},"line":44},"11":{"name":"(anonymous_11)","decl":{"start":{"line":52,"column":4},"end":{"line":52,"column":5}},"loc":{"start":{"line":52,"column":65},"end":{"line":71,"column":5}},"line":52},"12":{"name":"(anonymous_12)","decl":{"start":{"line":59,"column":61},"end":{"line":59,"column":62}},"loc":{"start":{"line":59,"column":72},"end":{"line":59,"column":93}},"line":59},"13":{"name":"(anonymous_13)","decl":{"start":{"line":72,"column":4},"end":{"line":72,"column":5}},"loc":{"start":{"line":76,"column":20},"end":{"line":85,"column":5}},"line":76},"14":{"name":"(anonymous_14)","decl":{"start":{"line":86,"column":4},"end":{"line":86,"column":5}},"loc":{"start":{"line":86,"column":43},"end":{"line":88,"column":5}},"line":86}},"branchMap":{"0":{"loc":{"start":{"line":47,"column":19},"end":{"line":47,"column":68}},"type":"cond-expr","locations":[{"start":{"line":47,"column":40},"end":{"line":47,"column":61}},{"start":{"line":47,"column":64},"end":{"line":47,"column":68}}],"line":47},"1":{"loc":{"start":{"line":56,"column":12},"end":{"line":66,"column":13}},"type":"if","locations":[{"start":{"line":56,"column":12},"end":{"line":66,"column":13}},{"start":{"line":64,"column":19},"end":{"line":66,"column":13}}],"line":56},"2":{"loc":{"start":{"line":60,"column":16},"end":{"line":62,"column":17}},"type":"if","locations":[{"start":{"line":60,"column":16},"end":{"line":62,"column":17}},{"start":{},"end":{}}],"line":60},"3":{"loc":{"start":{"line":73,"column":8},"end":{"line":73,"column":60}},"type":"default-arg","locations":[{"start":{"line":73,"column":38},"end":{"line":73,"column":60}}],"line":73},"4":{"loc":{"start":{"line":74,"column":8},"end":{"line":74,"column":53}},"type":"default-arg","locations":[{"start":{"line":74,"column":39},"end":{"line":74,"column":53}}],"line":74},"5":{"loc":{"start":{"line":80,"column":8},"end":{"line":84,"column":9}},"type":"if","locations":[{"start":{"line":80,"column":8},"end":{"line":84,"column":9}},{"start":{"line":82,"column":15},"end":{"line":84,"column":9}}],"line":80}},"s":{"0":6,"1":6,"2":6,"3":6,"4":6,"5":1,"6":1,"7":1,"8":1,"9":4,"10":2,"11":2,"12":2,"13":1,"14":2,"15":2,"16":1,"17":0,"18":1,"19":1,"20":1,"21":1,"22":0,"23":0,"24":0,"25":0,"26":0,"27":0,"28":0,"29":1,"30":1,"31":0,"32":2,"33":2,"34":2,"35":2,"36":1,"37":1,"38":1,"39":6},"f":{"0":6,"1":1,"2":1,"3":1,"4":1,"5":4,"6":2,"7":2,"8":2,"9":1,"10":2,"11":1,"12":0,"13":2,"14":1},"b":{"0":[0,1],"1":[0,1],"2":[0,0],"3":[0],"4":[0],"5":[1,1]},"_coverageSchema":"1a1c01bbd47fc00a2c39e90264f33305004495a9","hash":"5101f12e7d6bf11e7aace45ac536cc612b8cff2f"}
,"D:\\RN\\gitissue\\src\\components\\Details\\DetailsComponent.tsx": {"path":"D:\\RN\\gitissue\\src\\components\\Details\\DetailsComponent.tsx","statementMap":{"0":{"start":{"line":6,"column":39},"end":{"line":16,"column":1}},"1":{"start":{"line":7,"column":4},"end":{"line":15,"column":5}}},"fnMap":{"0":{"name":"(anonymous_0)","decl":{"start":{"line":6,"column":39},"end":{"line":6,"column":40}},"loc":{"start":{"line":6,"column":92},"end":{"line":16,"column":1}},"line":6}},"branchMap":{},"s":{"0":2,"1":6},"f":{"0":6},"b":{},"_coverageSchema":"1a1c01bbd47fc00a2c39e90264f33305004495a9","hash":"4c697e7b3e2bc41ab095c4879b17d0c21be6fdb4"}
,"D:\\RN\\gitissue\\src\\components\\Details\\styles\\Details_style.tsx": {"path":"D:\\RN\\gitissue\\src\\components\\Details\\styles\\Details_style.tsx","statementMap":{"0":{"start":{"line":3,"column":22},"end":{"line":10,"column":2}}},"fnMap":{},"branchMap":{},"s":{"0":2},"f":{},"b":{},"_coverageSchema":"1a1c01bbd47fc00a2c39e90264f33305004495a9","hash":"4c703f2cad8ba99c458dea8dc193a87a3bce6fa7"}
,"D:\\RN\\gitissue\\src\\components\\Filter\\FilterComponent.tsx": {"path":"D:\\RN\\gitissue\\src\\components\\Filter\\FilterComponent.tsx","statementMap":{"0":{"start":{"line":7,"column":55},"end":{"line":26,"column":1}},"1":{"start":{"line":8,"column":4},"end":{"line":25,"column":5}},"2":{"start":{"line":14,"column":64},"end":{"line":14,"column":102}},"3":{"start":{"line":17,"column":65},"end":{"line":17,"column":100}},"4":{"start":{"line":20,"column":67},"end":{"line":20,"column":104}}},"fnMap":{"0":{"name":"(anonymous_0)","decl":{"start":{"line":7,"column":55},"end":{"line":7,"column":56}},"loc":{"start":{"line":7,"column":75},"end":{"line":26,"column":1}},"line":7},"1":{"name":"(anonymous_1)","decl":{"start":{"line":14,"column":58},"end":{"line":14,"column":59}},"loc":{"start":{"line":14,"column":64},"end":{"line":14,"column":102}},"line":14},"2":{"name":"(anonymous_2)","decl":{"start":{"line":17,"column":59},"end":{"line":17,"column":60}},"loc":{"start":{"line":17,"column":65},"end":{"line":17,"column":100}},"line":17},"3":{"name":"(anonymous_3)","decl":{"start":{"line":20,"column":61},"end":{"line":20,"column":62}},"loc":{"start":{"line":20,"column":67},"end":{"line":20,"column":104}},"line":20}},"branchMap":{},"s":{"0":2,"1":7,"2":1,"3":1,"4":1},"f":{"0":7,"1":1,"2":1,"3":1},"b":{},"_coverageSchema":"1a1c01bbd47fc00a2c39e90264f33305004495a9","hash":"a27f6c467a2c8921be33e7fae9dc2ca3303469e2"}
,"D:\\RN\\gitissue\\src\\components\\Filter\\styles\\Filter_styles.tsx": {"path":"D:\\RN\\gitissue\\src\\components\\Filter\\styles\\Filter_styles.tsx","statementMap":{"0":{"start":{"line":4,"column":22},"end":{"line":23,"column":2}}},"fnMap":{},"branchMap":{},"s":{"0":2},"f":{},"b":{},"_coverageSchema":"1a1c01bbd47fc00a2c39e90264f33305004495a9","hash":"291dd420519ff7dae185c042bf013bc8dfdb486b"}
,"D:\\RN\\gitissue\\src\\components\\List\\ListComponent.tsx": {"path":"D:\\RN\\gitissue\\src\\components\\List\\ListComponent.tsx","statementMap":{"0":{"start":{"line":7,"column":42},"end":{"line":25,"column":1}},"1":{"start":{"line":8,"column":23},"end":{"line":12,"column":5}},"2":{"start":{"line":9,"column":8},"end":{"line":11,"column":9}},"3":{"start":{"line":13,"column":4},"end":{"line":24,"column":5}},"4":{"start":{"line":19,"column":36},"end":{"line":19,"column":50}}},"fnMap":{"0":{"name":"(anonymous_0)","decl":{"start":{"line":7,"column":42},"end":{"line":7,"column":43}},"loc":{"start":{"line":7,"column":82},"end":{"line":25,"column":1}},"line":7},"1":{"name":"(anonymous_1)","decl":{"start":{"line":8,"column":23},"end":{"line":8,"column":24}},"loc":{"start":{"line":8,"column":63},"end":{"line":12,"column":5}},"line":8},"2":{"name":"(anonymous_2)","decl":{"start":{"line":19,"column":30},"end":{"line":19,"column":31}},"loc":{"start":{"line":19,"column":36},"end":{"line":19,"column":50}},"line":19}},"branchMap":{},"s":{"0":2,"1":4,"2":2,"3":4,"4":1},"f":{"0":4,"1":2,"2":1},"b":{},"_coverageSchema":"1a1c01bbd47fc00a2c39e90264f33305004495a9","hash":"143392e22cf377da5b6f7ea3abfcfbbd93e1a64c"}
,"D:\\RN\\gitissue\\src\\components\\List\\styles\\List_style.tsx": {"path":"D:\\RN\\gitissue\\src\\components\\List\\styles\\List_style.tsx","statementMap":{"0":{"start":{"line":3,"column":22},"end":{"line":8,"column":2}}},"fnMap":{},"branchMap":{},"s":{"0":2},"f":{},"b":{},"_coverageSchema":"1a1c01bbd47fc00a2c39e90264f33305004495a9","hash":"657b2543b249a3ed570e53c859d60c920a181761"}
,"D:\\RN\\gitissue\\src\\components\\ListItem\\ListItemComponent.tsx": {"path":"D:\\RN\\gitissue\\src\\components\\ListItem\\ListItemComponent.tsx","statementMap":{"0":{"start":{"line":6,"column":50},"end":{"line":14,"column":1}},"1":{"start":{"line":7,"column":27},"end":{"line":7,"column":31}},"2":{"start":{"line":8,"column":4},"end":{"line":13,"column":5}},"3":{"start":{"line":9,"column":61},"end":{"line":9,"column":78}}},"fnMap":{"0":{"name":"(anonymous_0)","decl":{"start":{"line":6,"column":50},"end":{"line":6,"column":51}},"loc":{"start":{"line":6,"column":75},"end":{"line":14,"column":1}},"line":6},"1":{"name":"(anonymous_1)","decl":{"start":{"line":9,"column":55},"end":{"line":9,"column":56}},"loc":{"start":{"line":9,"column":61},"end":{"line":9,"column":78}},"line":9}},"branchMap":{},"s":{"0":4,"1":5,"2":5,"3":1},"f":{"0":5,"1":1},"b":{},"_coverageSchema":"1a1c01bbd47fc00a2c39e90264f33305004495a9","hash":"7f446569a85cbcabbeceffb2cdad85f7c377036f"}
,"D:\\RN\\gitissue\\src\\components\\ListItem\\styles\\ListItem_style.tsx": {"path":"D:\\RN\\gitissue\\src\\components\\ListItem\\styles\\ListItem_style.tsx","statementMap":{"0":{"start":{"line":3,"column":22},"end":{"line":13,"column":2}}},"fnMap":{},"branchMap":{},"s":{"0":4},"f":{},"b":{},"_coverageSchema":"1a1c01bbd47fc00a2c39e90264f33305004495a9","hash":"c72be81b56ee271bee01dd40c9d52403ab24a999"}
,"D:\\RN\\gitissue\\src\\components\\OrganizationForm\\OrganizationFormComponent.tsx": {"path":"D:\\RN\\gitissue\\src\\components\\OrganizationForm\\OrganizationFormComponent.tsx","statementMap":{"0":{"start":{"line":5,"column":67},"end":{"line":27,"column":1}},"1":{"start":{"line":6,"column":4},"end":{"line":26,"column":5}},"2":{"start":{"line":13,"column":45},"end":{"line":13,"column":85}},"3":{"start":{"line":20,"column":45},"end":{"line":20,"column":77}},"4":{"start":{"line":22,"column":90},"end":{"line":22,"column":98}}},"fnMap":{"0":{"name":"(anonymous_0)","decl":{"start":{"line":5,"column":67},"end":{"line":5,"column":68}},"loc":{"start":{"line":5,"column":119},"end":{"line":27,"column":1}},"line":5},"1":{"name":"(anonymous_1)","decl":{"start":{"line":13,"column":30},"end":{"line":13,"column":31}},"loc":{"start":{"line":13,"column":45},"end":{"line":13,"column":85}},"line":13},"2":{"name":"(anonymous_2)","decl":{"start":{"line":20,"column":30},"end":{"line":20,"column":31}},"loc":{"start":{"line":20,"column":45},"end":{"line":20,"column":77}},"line":20},"3":{"name":"(anonymous_3)","decl":{"start":{"line":22,"column":79},"end":{"line":22,"column":80}},"loc":{"start":{"line":22,"column":90},"end":{"line":22,"column":98}},"line":22}},"branchMap":{},"s":{"0":2,"1":7,"2":1,"3":1,"4":1},"f":{"0":7,"1":1,"2":1,"3":1},"b":{},"_coverageSchema":"1a1c01bbd47fc00a2c39e90264f33305004495a9","hash":"bf0a2081985e0b0572e5cf51b7c6eac065645a7d"}
,"D:\\RN\\gitissue\\src\\components\\OrganizationForm\\styles\\OrganizationForm_style.tsx": {"path":"D:\\RN\\gitissue\\src\\components\\OrganizationForm\\styles\\OrganizationForm_style.tsx","statementMap":{"0":{"start":{"line":3,"column":22},"end":{"line":21,"column":2}}},"fnMap":{},"branchMap":{},"s":{"0":2},"f":{},"b":{},"_coverageSchema":"1a1c01bbd47fc00a2c39e90264f33305004495a9","hash":"f9f25827e7bd06d0e280276862ca28c9dfd0bcaf"}
,"D:\\RN\\gitissue\\src\\components\\Switch\\SwitchComponent.tsx": {"path":"D:\\RN\\gitissue\\src\\components\\Switch\\SwitchComponent.tsx","statementMap":{"0":{"start":{"line":5,"column":56},"end":{"line":20,"column":1}},"1":{"start":{"line":6,"column":4},"end":{"line":19,"column":6}},"2":{"start":{"line":13,"column":37},"end":{"line":13,"column":45}}},"fnMap":{"0":{"name":"(anonymous_0)","decl":{"start":{"line":5,"column":56},"end":{"line":5,"column":57}},"loc":{"start":{"line":5,"column":84},"end":{"line":20,"column":1}},"line":5},"1":{"name":"(anonymous_1)","decl":{"start":{"line":13,"column":31},"end":{"line":13,"column":32}},"loc":{"start":{"line":13,"column":37},"end":{"line":13,"column":45}},"line":13}},"branchMap":{"0":{"loc":{"start":{"line":11,"column":28},"end":{"line":11,"column":57}},"type":"cond-expr","locations":[{"start":{"line":11,"column":36},"end":{"line":11,"column":45}},{"start":{"line":11,"column":48},"end":{"line":11,"column":57}}],"line":11}},"s":{"0":2,"1":7,"2":1},"f":{"0":7,"1":1},"b":{"0":[1,6]},"_coverageSchema":"1a1c01bbd47fc00a2c39e90264f33305004495a9","hash":"4de9f11afd772de3750f3e5a9f6db312fecf68bc"}
,"D:\\RN\\gitissue\\src\\components\\Switch\\styles\\SwitchComponent_style.tsx": {"path":"D:\\RN\\gitissue\\src\\components\\Switch\\styles\\SwitchComponent_style.tsx","statementMap":{"0":{"start":{"line":3,"column":22},"end":{"line":13,"column":2}}},"fnMap":{},"branchMap":{},"s":{"0":2},"f":{},"b":{},"_coverageSchema":"1a1c01bbd47fc00a2c39e90264f33305004495a9","hash":"199aa21a660b1c58d134e365fdb290d3efd6aa9c"}
,"D:\\RN\\gitissue\\src\\model\\issues.constants.tsx": {"path":"D:\\RN\\gitissue\\src\\model\\issues.constants.tsx","statementMap":{"0":{"start":{"line":1,"column":16},"end":{"line":1,"column":47}},"1":{"start":{"line":2,"column":24},"end":{"line":2,"column":28}},"2":{"start":{"line":3,"column":28},"end":{"line":3,"column":29}},"3":{"start":{"line":4,"column":14},"end":{"line":4,"column":56}},"4":{"start":{"line":5,"column":23},"end":{"line":5,"column":28}},"5":{"start":{"line":6,"column":20},"end":{"line":6,"column":26}},"6":{"start":{"line":7,"column":22},"end":{"line":7,"column":30}}},"fnMap":{},"branchMap":{},"s":{"0":7,"1":7,"2":7,"3":7,"4":7,"5":7,"6":7},"f":{},"b":{},"_coverageSchema":"1a1c01bbd47fc00a2c39e90264f33305004495a9","hash":"8c433fc76bad6ff28ab921f016c3ee99dcc8ab6e"}
,"D:\\RN\\gitissue\\src\\screens\\BookmarkedScreen.tsx": {"path":"D:\\RN\\gitissue\\src\\screens\\BookmarkedScreen.tsx","statementMap":{"0":{"start":{"line":8,"column":64},"end":{"line":37,"column":1}},"1":{"start":{"line":9,"column":46},"end":{"line":9,"column":72}},"2":{"start":{"line":11,"column":4},"end":{"line":17,"column":11}},"3":{"start":{"line":12,"column":21},"end":{"line":12,"column":66}},"4":{"start":{"line":13,"column":8},"end":{"line":16,"column":14}},"5":{"start":{"line":15,"column":16},"end":{"line":15,"column":73}},"6":{"start":{"line":15,"column":44},"end":{"line":15,"column":73}},"7":{"start":{"line":19,"column":36},"end":{"line":21,"column":5}},"8":{"start":{"line":20,"column":8},"end":{"line":20,"column":79}},"9":{"start":{"line":23,"column":23},"end":{"line":27,"column":5}},"10":{"start":{"line":24,"column":8},"end":{"line":26,"column":9}},"11":{"start":{"line":28,"column":4},"end":{"line":36,"column":5}}},"fnMap":{"0":{"name":"(anonymous_0)","decl":{"start":{"line":8,"column":64},"end":{"line":8,"column":65}},"loc":{"start":{"line":8,"column":89},"end":{"line":37,"column":1}},"line":8},"1":{"name":"(anonymous_1)","decl":{"start":{"line":11,"column":14},"end":{"line":11,"column":15}},"loc":{"start":{"line":11,"column":20},"end":{"line":17,"column":5}},"line":11},"2":{"name":"(anonymous_2)","decl":{"start":{"line":14,"column":18},"end":{"line":14,"column":19}},"loc":{"start":{"line":14,"column":28},"end":{"line":16,"column":13}},"line":14},"3":{"name":"(anonymous_3)","decl":{"start":{"line":19,"column":36},"end":{"line":19,"column":37}},"loc":{"start":{"line":19,"column":72},"end":{"line":21,"column":5}},"line":19},"4":{"name":"(anonymous_4)","decl":{"start":{"line":23,"column":23},"end":{"line":23,"column":24}},"loc":{"start":{"line":23,"column":63},"end":{"line":27,"column":5}},"line":23}},"branchMap":{"0":{"loc":{"start":{"line":15,"column":16},"end":{"line":15,"column":73}},"type":"if","locations":[{"start":{"line":15,"column":16},"end":{"line":15,"column":73}},{"start":{},"end":{}}],"line":15},"1":{"loc":{"start":{"line":15,"column":19},"end":{"line":15,"column":42}},"type":"binary-expr","locations":[{"start":{"line":15,"column":19},"end":{"line":15,"column":25}},{"start":{"line":15,"column":29},"end":{"line":15,"column":42}}],"line":15}},"s":{"0":1,"1":2,"2":2,"3":1,"4":1,"5":0,"6":0,"7":2,"8":0,"9":2,"10":0,"11":2},"f":{"0":2,"1":1,"2":0,"3":0,"4":0},"b":{"0":[0,0],"1":[0,0]},"_coverageSchema":"1a1c01bbd47fc00a2c39e90264f33305004495a9","hash":"eee09127eef402b1c2e5e83e31178b46202a92c9"}
,"D:\\RN\\gitissue\\src\\screens\\IssueDetailsScreen.tsx": {"path":"D:\\RN\\gitissue\\src\\screens\\IssueDetailsScreen.tsx","statementMap":{"0":{"start":{"line":9,"column":70},"end":{"line":41,"column":1}},"1":{"start":{"line":10,"column":70},"end":{"line":10,"column":82}},"2":{"start":{"line":11,"column":33},"end":{"line":11,"column":60}},"3":{"start":{"line":13,"column":40},"end":{"line":13,"column":79}},"4":{"start":{"line":14,"column":27},"end":{"line":17,"column":5}},"5":{"start":{"line":15,"column":20},"end":{"line":15,"column":68}},"6":{"start":{"line":16,"column":8},"end":{"line":16,"column":31}},"7":{"start":{"line":18,"column":28},"end":{"line":23,"column":5}},"8":{"start":{"line":19,"column":8},"end":{"line":22,"column":15}},"9":{"start":{"line":21,"column":16},"end":{"line":21,"column":45}},"10":{"start":{"line":21,"column":28},"end":{"line":21,"column":45}},"11":{"start":{"line":24,"column":4},"end":{"line":40,"column":5}}},"fnMap":{"0":{"name":"(anonymous_0)","decl":{"start":{"line":9,"column":70},"end":{"line":9,"column":71}},"loc":{"start":{"line":9,"column":83},"end":{"line":41,"column":1}},"line":9},"1":{"name":"(anonymous_1)","decl":{"start":{"line":14,"column":27},"end":{"line":14,"column":28}},"loc":{"start":{"line":14,"column":39},"end":{"line":17,"column":5}},"line":14},"2":{"name":"(anonymous_2)","decl":{"start":{"line":18,"column":28},"end":{"line":18,"column":29}},"loc":{"start":{"line":18,"column":52},"end":{"line":23,"column":5}},"line":18},"3":{"name":"(anonymous_3)","decl":{"start":{"line":20,"column":18},"end":{"line":20,"column":19}},"loc":{"start":{"line":20,"column":30},"end":{"line":22,"column":13}},"line":20}},"branchMap":{"0":{"loc":{"start":{"line":21,"column":16},"end":{"line":21,"column":45}},"type":"if","locations":[{"start":{"line":21,"column":16},"end":{"line":21,"column":45}},{"start":{},"end":{}}],"line":21}},"s":{"0":1,"1":1,"2":1,"3":1,"4":1,"5":0,"6":0,"7":1,"8":0,"9":0,"10":0,"11":1},"f":{"0":1,"1":0,"2":0,"3":0},"b":{"0":[0,0]},"_coverageSchema":"1a1c01bbd47fc00a2c39e90264f33305004495a9","hash":"db6116eb601291d0f4a56352490e8acbb4ab62f5"}
,"D:\\RN\\gitissue\\src\\screens\\IssuesListScreen.tsx": {"path":"D:\\RN\\gitissue\\src\\screens\\IssuesListScreen.tsx","statementMap":{"0":{"start":{"line":11,"column":65},"end":{"line":38,"column":1}},"1":{"start":{"line":12,"column":23},"end":{"line":12,"column":35}},"2":{"start":{"line":13,"column":65},"end":{"line":13,"column":89}},"3":{"start":{"line":14,"column":4},"end":{"line":16,"column":11}},"4":{"start":{"line":15,"column":8},"end":{"line":15,"column":65}},"5":{"start":{"line":15,"column":21},"end":{"line":15,"column":64}},"6":{"start":{"line":17,"column":25},"end":{"line":19,"column":5}},"7":{"start":{"line":18,"column":8},"end":{"line":18,"column":39}},"8":{"start":{"line":20,"column":36},"end":{"line":22,"column":5}},"9":{"start":{"line":21,"column":8},"end":{"line":21,"column":59}},"10":{"start":{"line":23,"column":25},"end":{"line":26,"column":5}},"11":{"start":{"line":24,"column":8},"end":{"line":24,"column":22}},"12":{"start":{"line":25,"column":8},"end":{"line":25,"column":51}},"13":{"start":{"line":27,"column":4},"end":{"line":37,"column":5}}},"fnMap":{"0":{"name":"(anonymous_0)","decl":{"start":{"line":11,"column":65},"end":{"line":11,"column":66}},"loc":{"start":{"line":11,"column":90},"end":{"line":38,"column":1}},"line":11},"1":{"name":"(anonymous_1)","decl":{"start":{"line":14,"column":14},"end":{"line":14,"column":15}},"loc":{"start":{"line":14,"column":20},"end":{"line":16,"column":5}},"line":14},"2":{"name":"(anonymous_2)","decl":{"start":{"line":15,"column":15},"end":{"line":15,"column":16}},"loc":{"start":{"line":15,"column":21},"end":{"line":15,"column":64}},"line":15},"3":{"name":"(anonymous_3)","decl":{"start":{"line":17,"column":25},"end":{"line":17,"column":26}},"loc":{"start":{"line":17,"column":36},"end":{"line":19,"column":5}},"line":17},"4":{"name":"(anonymous_4)","decl":{"start":{"line":20,"column":36},"end":{"line":20,"column":37}},"loc":{"start":{"line":20,"column":72},"end":{"line":22,"column":5}},"line":20},"5":{"name":"(anonymous_5)","decl":{"start":{"line":23,"column":25},"end":{"line":23,"column":26}},"loc":{"start":{"line":23,"column":50},"end":{"line":26,"column":5}},"line":23}},"branchMap":{},"s":{"0":1,"1":1,"2":1,"3":1,"4":1,"5":0,"6":1,"7":0,"8":1,"9":0,"10":1,"11":0,"12":0,"13":1},"f":{"0":1,"1":1,"2":0,"3":0,"4":0,"5":0},"b":{},"_coverageSchema":"1a1c01bbd47fc00a2c39e90264f33305004495a9","hash":"3521ec61e3f66fe163c91bf949b0690a2be1c41f"}
,"D:\\RN\\gitissue\\src\\screens\\OrganizationScreen.tsx": {"path":"D:\\RN\\gitissue\\src\\screens\\OrganizationScreen.tsx","statementMap":{"0":{"start":{"line":9,"column":68},"end":{"line":32,"column":1}},"1":{"start":{"line":10,"column":69},"end":{"line":10,"column":82}},"2":{"start":{"line":12,"column":32},"end":{"line":18,"column":5}},"3":{"start":{"line":13,"column":8},"end":{"line":13,"column":61}},"4":{"start":{"line":14,"column":8},"end":{"line":17,"column":11}},"5":{"start":{"line":20,"column":22},"end":{"line":22,"column":5}},"6":{"start":{"line":21,"column":8},"end":{"line":21,"column":108}},"7":{"start":{"line":24,"column":4},"end":{"line":31,"column":6}}},"fnMap":{"0":{"name":"(anonymous_0)","decl":{"start":{"line":9,"column":68},"end":{"line":9,"column":69}},"loc":{"start":{"line":9,"column":86},"end":{"line":32,"column":1}},"line":9},"1":{"name":"(anonymous_1)","decl":{"start":{"line":12,"column":32},"end":{"line":12,"column":33}},"loc":{"start":{"line":12,"column":70},"end":{"line":18,"column":5}},"line":12},"2":{"name":"(anonymous_2)","decl":{"start":{"line":20,"column":22},"end":{"line":20,"column":23}},"loc":{"start":{"line":20,"column":33},"end":{"line":22,"column":5}},"line":20}},"branchMap":{},"s":{"0":1,"1":1,"2":1,"3":0,"4":0,"5":1,"6":0,"7":1},"f":{"0":1,"1":0,"2":0},"b":{},"_coverageSchema":"1a1c01bbd47fc00a2c39e90264f33305004495a9","hash":"fe652f544611cff0f8328ac3d5276c019434d1fd"}
,"D:\\RN\\gitissue\\src\\utils\\helpers.tsx": {"path":"D:\\RN\\gitissue\\src\\utils\\helpers.tsx","statementMap":{"0":{"start":{"line":3,"column":32},"end":{"line":6,"column":1}},"1":{"start":{"line":4,"column":4},"end":{"line":4,"column":75}},"2":{"start":{"line":5,"column":4},"end":{"line":5,"column":65}},"3":{"start":{"line":8,"column":35},"end":{"line":12,"column":1}},"4":{"start":{"line":9,"column":4},"end":{"line":9,"column":54}},"5":{"start":{"line":10,"column":4},"end":{"line":10,"column":48}},"6":{"start":{"line":11,"column":4},"end":{"line":11,"column":110}},"7":{"start":{"line":11,"column":91},"end":{"line":11,"column":108}},"8":{"start":{"line":14,"column":35},"end":{"line":18,"column":1}},"9":{"start":{"line":15,"column":24},"end":{"line":15,"column":72}},"10":{"start":{"line":16,"column":4},"end":{"line":16,"column":68}},"11":{"start":{"line":17,"column":4},"end":{"line":17,"column":81}},"12":{"start":{"line":20,"column":30},"end":{"line":22,"column":1}},"13":{"start":{"line":21,"column":4},"end":{"line":21,"column":60}}},"fnMap":{"0":{"name":"(anonymous_0)","decl":{"start":{"line":3,"column":32},"end":{"line":3,"column":33}},"loc":{"start":{"line":3,"column":94},"end":{"line":6,"column":1}},"line":3},"1":{"name":"(anonymous_1)","decl":{"start":{"line":8,"column":35},"end":{"line":8,"column":36}},"loc":{"start":{"line":8,"column":81},"end":{"line":12,"column":1}},"line":8},"2":{"name":"(anonymous_2)","decl":{"start":{"line":11,"column":70},"end":{"line":11,"column":71}},"loc":{"start":{"line":11,"column":91},"end":{"line":11,"column":108}},"line":11},"3":{"name":"(anonymous_3)","decl":{"start":{"line":14,"column":35},"end":{"line":14,"column":36}},"loc":{"start":{"line":14,"column":65},"end":{"line":18,"column":1}},"line":14},"4":{"name":"(anonymous_4)","decl":{"start":{"line":20,"column":30},"end":{"line":20,"column":31}},"loc":{"start":{"line":20,"column":65},"end":{"line":22,"column":1}},"line":20}},"branchMap":{"0":{"loc":{"start":{"line":21,"column":11},"end":{"line":21,"column":60}},"type":"cond-expr","locations":[{"start":{"line":21,"column":26},"end":{"line":21,"column":38}},{"start":{"line":21,"column":41},"end":{"line":21,"column":60}}],"line":21}},"s":{"0":4,"1":1,"2":1,"3":4,"4":1,"5":1,"6":1,"7":0,"8":4,"9":1,"10":1,"11":1,"12":4,"13":3},"f":{"0":1,"1":1,"2":0,"3":1,"4":3},"b":{"0":[1,2]},"_coverageSchema":"1a1c01bbd47fc00a2c39e90264f33305004495a9","hash":"c299a78962b1db2d133c2d41eb11f69dfeff1e06"}
,"D:\\RN\\gitissue\\src\\utils\\hooks.tsx": {"path":"D:\\RN\\gitissue\\src\\utils\\hooks.tsx","statementMap":{"0":{"start":{"line":4,"column":27},"end":{"line":15,"column":1}},"1":{"start":{"line":5,"column":55},"end":{"line":5,"column":81}},"2":{"start":{"line":6,"column":51},"end":{"line":6,"column":77}},"3":{"start":{"line":7,"column":31},"end":{"line":13,"column":5}},"4":{"start":{"line":8,"column":8},"end":{"line":12,"column":9}},"5":{"start":{"line":9,"column":12},"end":{"line":9,"column":38}},"6":{"start":{"line":11,"column":12},"end":{"line":11,"column":40}},"7":{"start":{"line":14,"column":4},"end":{"line":14,"column":68}},"8":{"start":{"line":17,"column":32},"end":{"line":26,"column":1}},"9":{"start":{"line":18,"column":45},"end":{"line":18,"column":70}},"10":{"start":{"line":19,"column":22},"end":{"line":21,"column":5}},"11":{"start":{"line":20,"column":8},"end":{"line":20,"column":56}},"12":{"start":{"line":22,"column":24},"end":{"line":24,"column":5}},"13":{"start":{"line":23,"column":8},"end":{"line":23,"column":26}},"14":{"start":{"line":25,"column":4},"end":{"line":25,"column":63}}},"fnMap":{"0":{"name":"(anonymous_0)","decl":{"start":{"line":4,"column":27},"end":{"line":4,"column":28}},"loc":{"start":{"line":4,"column":117},"end":{"line":15,"column":1}},"line":4},"1":{"name":"(anonymous_1)","decl":{"start":{"line":7,"column":31},"end":{"line":7,"column":32}},"loc":{"start":{"line":7,"column":67},"end":{"line":13,"column":5}},"line":7},"2":{"name":"(anonymous_2)","decl":{"start":{"line":17,"column":32},"end":{"line":17,"column":33}},"loc":{"start":{"line":17,"column":145},"end":{"line":26,"column":1}},"line":17},"3":{"name":"(anonymous_3)","decl":{"start":{"line":19,"column":22},"end":{"line":19,"column":23}},"loc":{"start":{"line":19,"column":54},"end":{"line":21,"column":5}},"line":19},"4":{"name":"(anonymous_4)","decl":{"start":{"line":22,"column":24},"end":{"line":22,"column":25}},"loc":{"start":{"line":22,"column":35},"end":{"line":24,"column":5}},"line":22}},"branchMap":{"0":{"loc":{"start":{"line":8,"column":8},"end":{"line":12,"column":9}},"type":"if","locations":[{"start":{"line":8,"column":8},"end":{"line":12,"column":9}},{"start":{"line":10,"column":15},"end":{"line":12,"column":9}}],"line":8},"1":{"loc":{"start":{"line":18,"column":11},"end":{"line":18,"column":26}},"type":"default-arg","locations":[{"start":{"line":18,"column":24},"end":{"line":18,"column":26}}],"line":18}},"s":{"0":2,"1":5,"2":5,"3":5,"4":2,"5":1,"6":1,"7":5,"8":2,"9":5,"10":5,"11":1,"12":5,"13":1,"14":5},"f":{"0":5,"1":2,"2":5,"3":1,"4":1},"b":{"0":[1,1],"1":[2]},"_coverageSchema":"1a1c01bbd47fc00a2c39e90264f33305004495a9","hash":"e49b00d572672636fb08d5ca08420a73a1c1b369"}
}
